Using pre-set license

 COMMAND LINE ARGUMENTS:
/Applications/Unity/Hub/Editor/2020.2.7f1/Unity.app/Contents/MacOS/Unity
-adb2
-batchMode
-noUpm
-name
AssetImportWorker0
-projectPath
/Users/changkyunma/Desktop/Unity3D/Repo/Zombie Shooter 00
-logFile
Logs/AssetImportWorker0.log
-srvPort
51835
Successfully changed project path to: /Users/changkyunma/Desktop/Unity3D/Repo/Zombie Shooter 00
/Users/changkyunma/Desktop/Unity3D/Repo/Zombie Shooter 00
Using Asset Import Pipeline V2.
Refreshing native plugins compatible for Editor in 225.74 ms, found 2 plugins.
Preloading 0 native plugins for Editor in 0.00 ms.
Initialize engine version: 2020.2.7f1 (c53830e277f1)
[Subsystems] Discovering subsystems at path /Applications/Unity/Hub/Editor/2020.2.7f1/Unity.app/Contents/Resources/UnitySubsystems
[Subsystems] Discovering subsystems at path /Users/changkyunma/Desktop/Unity3D/Repo/Zombie Shooter 00/Assets
GfxDevice: creating device client; threaded=0
2021-03-11 19:11:22.503 Unity[2217:92214] Color LCD preferred device: AMD Radeon Pro 560X (high power)
2021-03-11 19:11:22.503 Unity[2217:92214] Metal devices available: 2
2021-03-11 19:11:22.503 Unity[2217:92214] 0: AMD Radeon Pro 560X (high power)
2021-03-11 19:11:22.503 Unity[2217:92214] 1: Intel(R) UHD Graphics 630 (low power)
2021-03-11 19:11:22.504 Unity[2217:92214] Using device AMD Radeon Pro 560X (high power)
Initializing Metal device caps: AMD Radeon Pro 560X
Initialize mono
Mono path[0] = '/Applications/Unity/Hub/Editor/2020.2.7f1/Unity.app/Contents/Managed'
Mono path[1] = '/Applications/Unity/Hub/Editor/2020.2.7f1/Unity.app/Contents/MonoBleedingEdge/lib/mono/unityjit'
Mono config path = '/Applications/Unity/Hub/Editor/2020.2.7f1/Unity.app/Contents/MonoBleedingEdge/etc'
Using monoOptions --debugger-agent=transport=dt_socket,embedding=1,server=y,suspend=n,address=127.0.0.1:56217
Begin MonoManager ReloadAssembly
Registering precompiled unity dll's ...
Register platform support module: /Applications/Unity/Hub/Editor/2020.2.7f1/Unity.app/Contents/PlaybackEngines/MacStandaloneSupport/UnityEditor.OSXStandalone.Extensions.dll
Registered in 0.000310 seconds.
Native extension for OSXStandalone target not found
Refreshing native plugins compatible for Editor in 213.81 ms, found 2 plugins.
Preloading 0 native plugins for Editor in 0.00 ms.
Invoked RoslynAnalysisRunner static constructor.
RoslynAnalysisRunner will not be running.
RoslynAnalysisRunner has terminated.
Mono: successfully reloaded assembly
- Completed reload, in  2.073 seconds
Platform modules already initialized, skipping
Registering precompiled user dll's ...
Registered in 0.004185 seconds.
Begin MonoManager ReloadAssembly
Native extension for OSXStandalone target not found
Refreshing native plugins compatible for Editor in 2.22 ms, found 2 plugins.
Preloading 0 native plugins for Editor in 0.00 ms.
WARNING: RGBA Compressed ETC2 UNorm format is not supported, decompressing texture
Invoked RoslynAnalysisRunner static constructor.
RoslynAnalysisRunner will not be running.
RoslynAnalysisRunner has terminated.
Mono: successfully reloaded assembly
- Completed reload, in  1.173 seconds
Platform modules already initialized, skipping
========================================================================
Worker process is ready to serve import requests
Launching external process: /Applications/Unity/Hub/Editor/2020.2.7f1/Unity.app/Contents/Tools/UnityShaderCompiler
Launched and connected shader compiler UnityShaderCompiler after 0.01 seconds
Refreshing native plugins compatible for Editor in 2.16 ms, found 2 plugins.
Preloading 0 native plugins for Editor in 0.00 ms.
Unloading 3008 Unused Serialized files (Serialized files now loaded: 0)
System memory in use before: 314.7 MB.
System memory in use after: 314.9 MB.

Unloading 30 unused Assets to reduce memory usage. Loaded Objects now: 3566.
Total: 2.827861 ms (FindLiveObjects: 0.367846 ms CreateObjectMapping: 0.248824 ms MarkObjects: 2.095075 ms  DeleteObjects: 0.115199 ms)

========================================================================
Received Import Request.
  path: Assets/WoosanStudio/Zombie Shooter/Art/Effects/New/CFX2_EnemyDeathSkull_Ground Green/CFX2_EnemyDeathSkull_Ground Green.prefab
  artifactKey: Guid(d5dd81afacc424e38957983d79554086) Importer(815301076,1909f56bfc062723c751e8b465ee728b)
Start importing Assets/WoosanStudio/Zombie Shooter/Art/Effects/New/CFX2_EnemyDeathSkull_Ground Green/CFX2_EnemyDeathSkull_Ground Green.prefab using Guid(d5dd81afacc424e38957983d79554086) Importer(815301076,1909f56bfc062723c751e8b465ee728b)  -> (artifact id: '609a4761af715056bb2ed25a892d9e92') in 0.243319 seconds
  Import took 0.251732 seconds .

========================================================================
Received Import Request.
  Time since last request: 0.000189 seconds.
  path: Assets/WoosanStudio/Zombie Shooter/Art/Effects/New/CFX2_RockHit/CFX2_RockHit.prefab
  artifactKey: Guid(183521cfbbe4749d3b4d42ee868fed97) Importer(815301076,1909f56bfc062723c751e8b465ee728b)
Start importing Assets/WoosanStudio/Zombie Shooter/Art/Effects/New/CFX2_RockHit/CFX2_RockHit.prefab using Guid(183521cfbbe4749d3b4d42ee868fed97) Importer(815301076,1909f56bfc062723c751e8b465ee728b)  -> (artifact id: '342d76f89fa285f6ac971c178948d6ce') in 0.004433 seconds
  Import took 0.010531 seconds .

========================================================================
Received Prepare
Refreshing native plugins compatible for Editor in 4.32 ms, found 2 plugins.
Preloading 0 native plugins for Editor in 0.00 ms.
Unloading 23 Unused Serialized files (Serialized files now loaded: 0)
System memory in use before: 261.6 MB.
System memory in use after: 261.8 MB.

Unloading 22 unused Assets to reduce memory usage. Loaded Objects now: 3566.
Total: 2.334210 ms (FindLiveObjects: 0.374638 ms CreateObjectMapping: 0.119783 ms MarkObjects: 1.825679 ms  DeleteObjects: 0.013182 ms)

========================================================================
Received Prepare
Registering precompiled user dll's ...
Registered in 0.004051 seconds.
Begin MonoManager ReloadAssembly
Native extension for OSXStandalone target not found
Refreshing native plugins compatible for Editor in 2.10 ms, found 2 plugins.
Preloading 0 native plugins for Editor in 0.00 ms.
Invoked RoslynAnalysisRunner static constructor.
RoslynAnalysisRunner will not be running.
RoslynAnalysisRunner has terminated.
Mono: successfully reloaded assembly
- Completed reload, in  1.081 seconds
Platform modules already initialized, skipping
Switching build target platform(2) subTarget(0) extendedPlatform(0) -> platform(13) subTarget(537395200) extendedPlatform(0)
Refreshing native plugins compatible for Editor in 2.09 ms, found 2 plugins.
Preloading 0 native plugins for Editor in 0.00 ms.
Unloading 2919 Unused Serialized files (Serialized files now loaded: 0)
System memory in use before: 306.3 MB.
System memory in use after: 306.5 MB.

Unloading 25 unused Assets to reduce memory usage. Loaded Objects now: 3572.
Total: 3.211613 ms (FindLiveObjects: 0.555843 ms CreateObjectMapping: 0.291780 ms MarkObjects: 2.333169 ms  DeleteObjects: 0.028276 ms)

AssetImportParameters requested are different than current active one (requested -> active):
  custom:graphics/normal-map-encoding: 01000000000000000000000000000000 -> 02000000000000000000000000000000
