Using pre-set license

 COMMAND LINE ARGUMENTS:
/Applications/Unity/Hub/Editor/2020.2.7f1/Unity.app/Contents/MacOS/Unity
-adb2
-batchMode
-noUpm
-name
AssetImportWorker0
-projectPath
/Users/changkyunma/Desktop/Unity3D/Repo/Zombie Shooter 00
-logFile
Logs/AssetImportWorker0.log
-srvPort
51070
Successfully changed project path to: /Users/changkyunma/Desktop/Unity3D/Repo/Zombie Shooter 00
/Users/changkyunma/Desktop/Unity3D/Repo/Zombie Shooter 00
Using Asset Import Pipeline V2.
Refreshing native plugins compatible for Editor in 228.32 ms, found 2 plugins.
Preloading 0 native plugins for Editor in 0.00 ms.
Initialize engine version: 2020.2.7f1 (c53830e277f1)
[Subsystems] Discovering subsystems at path /Applications/Unity/Hub/Editor/2020.2.7f1/Unity.app/Contents/Resources/UnitySubsystems
[Subsystems] Discovering subsystems at path /Users/changkyunma/Desktop/Unity3D/Repo/Zombie Shooter 00/Assets
GfxDevice: creating device client; threaded=0
2021-03-14 18:25:58.346 Unity[1391:53936] Color LCD preferred device: AMD Radeon Pro 560X (high power)
2021-03-14 18:25:58.346 Unity[1391:53936] Metal devices available: 2
2021-03-14 18:25:58.346 Unity[1391:53936] 0: AMD Radeon Pro 560X (high power)
2021-03-14 18:25:58.346 Unity[1391:53936] 1: Intel(R) UHD Graphics 630 (low power)
2021-03-14 18:25:58.347 Unity[1391:53936] Using device AMD Radeon Pro 560X (high power)
Initializing Metal device caps: AMD Radeon Pro 560X
Initialize mono
Mono path[0] = '/Applications/Unity/Hub/Editor/2020.2.7f1/Unity.app/Contents/Managed'
Mono path[1] = '/Applications/Unity/Hub/Editor/2020.2.7f1/Unity.app/Contents/MonoBleedingEdge/lib/mono/unityjit'
Mono config path = '/Applications/Unity/Hub/Editor/2020.2.7f1/Unity.app/Contents/MonoBleedingEdge/etc'
Using monoOptions --debugger-agent=transport=dt_socket,embedding=1,server=y,suspend=n,address=127.0.0.1:56391
Begin MonoManager ReloadAssembly
Registering precompiled unity dll's ...
Register platform support module: /Applications/Unity/Hub/Editor/2020.2.7f1/Unity.app/Contents/PlaybackEngines/MacStandaloneSupport/UnityEditor.OSXStandalone.Extensions.dll
Registered in 0.000316 seconds.
Native extension for OSXStandalone target not found
Refreshing native plugins compatible for Editor in 212.34 ms, found 2 plugins.
Preloading 0 native plugins for Editor in 0.00 ms.
Invoked RoslynAnalysisRunner static constructor.
RoslynAnalysisRunner will not be running.
RoslynAnalysisRunner has terminated.
Mono: successfully reloaded assembly
- Completed reload, in  2.274 seconds
Platform modules already initialized, skipping
Registering precompiled user dll's ...
Registered in 0.003659 seconds.
Begin MonoManager ReloadAssembly
Native extension for OSXStandalone target not found
Refreshing native plugins compatible for Editor in 2.14 ms, found 2 plugins.
Preloading 0 native plugins for Editor in 0.00 ms.
WARNING: RGBA Compressed ETC2 UNorm format is not supported, decompressing texture
Invoked RoslynAnalysisRunner static constructor.
RoslynAnalysisRunner will not be running.
RoslynAnalysisRunner has terminated.
Mono: successfully reloaded assembly
- Completed reload, in  1.163 seconds
Platform modules already initialized, skipping
========================================================================
Worker process is ready to serve import requests
Launching external process: /Applications/Unity/Hub/Editor/2020.2.7f1/Unity.app/Contents/Tools/UnityShaderCompiler
Launched and connected shader compiler UnityShaderCompiler after 0.01 seconds
Refreshing native plugins compatible for Editor in 2.30 ms, found 2 plugins.
Preloading 0 native plugins for Editor in 0.00 ms.
Unloading 3009 Unused Serialized files (Serialized files now loaded: 0)
System memory in use before: 316.2 MB.
System memory in use after: 316.4 MB.

Unloading 30 unused Assets to reduce memory usage. Loaded Objects now: 3568.
Total: 2.972454 ms (FindLiveObjects: 0.373854 ms CreateObjectMapping: 0.167581 ms MarkObjects: 2.292395 ms  DeleteObjects: 0.137427 ms)

========================================================================
Received Import Request.
  path: Assets/WoosanStudio/Common/DisableMe.cs
  artifactKey: Guid(8c9ebc334750e423da6f9480817ff34b) Importer(815301076,1909f56bfc062723c751e8b465ee728b)
Start importing Assets/WoosanStudio/Common/DisableMe.cs using Guid(8c9ebc334750e423da6f9480817ff34b) Importer(815301076,1909f56bfc062723c751e8b465ee728b)  -> (artifact id: '7e8067ea60e01a91335968a12f6a74d3') in 0.162845 seconds
  Import took 0.171383 seconds .

========================================================================
Received Import Request.
  Time since last request: 0.000186 seconds.
  path: Assets/WoosanStudio/Common/RayCheck.cs
  artifactKey: Guid(a6071e233310347cca0b3e3e2171933f) Importer(815301076,1909f56bfc062723c751e8b465ee728b)
Start importing Assets/WoosanStudio/Common/RayCheck.cs using Guid(a6071e233310347cca0b3e3e2171933f) Importer(815301076,1909f56bfc062723c751e8b465ee728b)  -> (artifact id: 'e6a4d1c29d3215717325172886c61bc3') in 0.001381 seconds
  Import took 0.007010 seconds .

========================================================================
Received Import Request.
  Time since last request: 0.000159 seconds.
  path: Assets/WoosanStudio/Common/DistanceCheck.cs
  artifactKey: Guid(1151f2498862542998c0b09852383c98) Importer(815301076,1909f56bfc062723c751e8b465ee728b)
Start importing Assets/WoosanStudio/Common/DistanceCheck.cs using Guid(1151f2498862542998c0b09852383c98) Importer(815301076,1909f56bfc062723c751e8b465ee728b)  -> (artifact id: '5f0b2e29972b91c1b966e8d9ae809092') in 0.001250 seconds
  Import took 0.006787 seconds .

========================================================================
Received Import Request.
  Time since last request: 0.000155 seconds.
  path: Assets/WoosanStudio/Common/ListUtililty.cs
  artifactKey: Guid(c2d150558f3db41e580593831d9d4009) Importer(815301076,1909f56bfc062723c751e8b465ee728b)
Start importing Assets/WoosanStudio/Common/ListUtililty.cs using Guid(c2d150558f3db41e580593831d9d4009) Importer(815301076,1909f56bfc062723c751e8b465ee728b)  -> (artifact id: '4e3177a7435bf068d927967b43dc1137') in 0.001123 seconds
  Import took 0.007119 seconds .

========================================================================
Received Import Request.
  Time since last request: 0.000185 seconds.
  path: Assets/WoosanStudio/Common/Move.cs
  artifactKey: Guid(443ed3c68fa284064bcb46882d052101) Importer(815301076,1909f56bfc062723c751e8b465ee728b)
Start importing Assets/WoosanStudio/Common/Move.cs using Guid(443ed3c68fa284064bcb46882d052101) Importer(815301076,1909f56bfc062723c751e8b465ee728b)  -> (artifact id: '6500b1ab23f941a3c659ba1bba4e9f81') in 0.001288 seconds
  Import took 0.007567 seconds .

========================================================================
Received Import Request.
  Time since last request: 0.623253 seconds.
  path: Assets/WoosanStudio/Common/SlowMotionTimeManager.cs
  artifactKey: Guid(96e35e3ff065045b4ae00087fd448174) Importer(815301076,1909f56bfc062723c751e8b465ee728b)
Start importing Assets/WoosanStudio/Common/SlowMotionTimeManager.cs using Guid(96e35e3ff065045b4ae00087fd448174) Importer(815301076,1909f56bfc062723c751e8b465ee728b)  -> (artifact id: '740a6eb50e9f87cb0d267be83a99b6ad') in 0.001581 seconds
  Import took 0.008752 seconds .

========================================================================
Received Import Request.
  Time since last request: 0.000397 seconds.
  path: Assets/WoosanStudio/Common/SlowMotionTimeManager.cs
  artifactKey: Guid(96e35e3ff065045b4ae00087fd448174) Importer(815301076,1909f56bfc062723c751e8b465ee728b)
Start importing Assets/WoosanStudio/Common/SlowMotionTimeManager.cs using Guid(96e35e3ff065045b4ae00087fd448174) Importer(815301076,1909f56bfc062723c751e8b465ee728b)  -> (artifact id: '740a6eb50e9f87cb0d267be83a99b6ad') in 0.001333 seconds
  Import took 0.007664 seconds .

========================================================================
Received Import Request.
  Time since last request: 129.616975 seconds.
  path: Assets/WoosanStudio/UI Dev/Prefabs/Popup/InGame-Bag-Popup.prefab
  artifactKey: Guid(318e3c0f7bc0a4a5ba12671c27df80fe) Importer(815301076,1909f56bfc062723c751e8b465ee728b)
Start importing Assets/WoosanStudio/UI Dev/Prefabs/Popup/InGame-Bag-Popup.prefab using Guid(318e3c0f7bc0a4a5ba12671c27df80fe) Importer(815301076,1909f56bfc062723c751e8b465ee728b)  -> (artifact id: '5243d52c3dbcd529413b560a32a30d81') in 0.180946 seconds
  Import took 0.187481 seconds .

========================================================================
Received Import Request.
  Time since last request: 1069.032299 seconds.
  path: Assets/WoosanStudio/Zombie Shooter/Art/Effects/All Item/Coin/Item_Coin_01.prefab
  artifactKey: Guid(df7b9880239404078b5108f18bfc10fc) Importer(815301076,1909f56bfc062723c751e8b465ee728b)
Start importing Assets/WoosanStudio/Zombie Shooter/Art/Effects/All Item/Coin/Item_Coin_01.prefab using Guid(df7b9880239404078b5108f18bfc10fc) Importer(815301076,1909f56bfc062723c751e8b465ee728b)  -> (artifact id: '7a70d17f39f5b5d979b7352f0a6c8f08') in 0.088288 seconds
  Import took 0.094702 seconds .

========================================================================
Received Import Request.
  Time since last request: 1.785913 seconds.
  path: Assets/SimpleWorldVol1/SimpleItems/Prefabs/Items_Coin_02.prefab
  artifactKey: Guid(65a859bfef8f23f4bb66b6e4f6b8967d) Importer(815301076,1909f56bfc062723c751e8b465ee728b)
Start importing Assets/SimpleWorldVol1/SimpleItems/Prefabs/Items_Coin_02.prefab using Guid(65a859bfef8f23f4bb66b6e4f6b8967d) Importer(815301076,1909f56bfc062723c751e8b465ee728b)  -> (artifact id: '12a74d7403137faed5ee334fbe5184ab') in 0.008650 seconds
  Import took 0.015680 seconds .

========================================================================
Received Prepare
Registering precompiled user dll's ...
Registered in 0.003953 seconds.
Begin MonoManager ReloadAssembly
Native extension for OSXStandalone target not found
Refreshing native plugins compatible for Editor in 2.08 ms, found 2 plugins.
Preloading 0 native plugins for Editor in 0.00 ms.
Invoked RoslynAnalysisRunner static constructor.
RoslynAnalysisRunner will not be running.
RoslynAnalysisRunner has terminated.
Mono: successfully reloaded assembly
- Completed reload, in  1.067 seconds
Platform modules already initialized, skipping
Switching build target platform(2) subTarget(0) extendedPlatform(0) -> platform(13) subTarget(537395200) extendedPlatform(0)
Refreshing native plugins compatible for Editor in 2.05 ms, found 2 plugins.
Preloading 0 native plugins for Editor in 0.00 ms.
Unloading 2920 Unused Serialized files (Serialized files now loaded: 0)
System memory in use before: 314.5 MB.
System memory in use after: 314.8 MB.

Unloading 25 unused Assets to reduce memory usage. Loaded Objects now: 3581.
Total: 2.057145 ms (FindLiveObjects: 0.300751 ms CreateObjectMapping: 0.137829 ms MarkObjects: 1.599458 ms  DeleteObjects: 0.017950 ms)

AssetImportParameters requested are different than current active one (requested -> active):
  custom:graphics/normal-map-encoding: 01000000000000000000000000000000 -> 02000000000000000000000000000000
========================================================================
Received Prepare
Registering precompiled user dll's ...
Registered in 0.004016 seconds.
Begin MonoManager ReloadAssembly
Native extension for OSXStandalone target not found
Refreshing native plugins compatible for Editor in 2.09 ms, found 2 plugins.
Preloading 0 native plugins for Editor in 0.00 ms.
Invoked RoslynAnalysisRunner static constructor.
RoslynAnalysisRunner will not be running.
RoslynAnalysisRunner has terminated.
Mono: successfully reloaded assembly
- Completed reload, in  1.119 seconds
Platform modules already initialized, skipping
Switching build target platform(2) subTarget(0) extendedPlatform(0) -> platform(13) subTarget(537395200) extendedPlatform(0)
Refreshing native plugins compatible for Editor in 2.20 ms, found 2 plugins.
Preloading 0 native plugins for Editor in 0.00 ms.
Unloading 2917 Unused Serialized files (Serialized files now loaded: 0)
System memory in use before: 314.7 MB.
System memory in use after: 314.9 MB.

Unloading 25 unused Assets to reduce memory usage. Loaded Objects now: 3584.
Total: 2.999855 ms (FindLiveObjects: 0.443599 ms CreateObjectMapping: 0.242197 ms MarkObjects: 2.289234 ms  DeleteObjects: 0.023433 ms)

AssetImportParameters requested are different than current active one (requested -> active):
  custom:graphics/normal-map-encoding: 01000000000000000000000000000000 -> 02000000000000000000000000000000
========================================================================
Received Prepare
Registering precompiled user dll's ...
Registered in 0.003932 seconds.
Begin MonoManager ReloadAssembly
Native extension for OSXStandalone target not found
Refreshing native plugins compatible for Editor in 2.08 ms, found 2 plugins.
Preloading 0 native plugins for Editor in 0.00 ms.
Invoked RoslynAnalysisRunner static constructor.
RoslynAnalysisRunner will not be running.
RoslynAnalysisRunner has terminated.
Mono: successfully reloaded assembly
- Completed reload, in  1.063 seconds
Platform modules already initialized, skipping
Switching build target platform(2) subTarget(0) extendedPlatform(0) -> platform(13) subTarget(537395200) extendedPlatform(0)
Refreshing native plugins compatible for Editor in 2.16 ms, found 2 plugins.
Preloading 0 native plugins for Editor in 0.00 ms.
Unloading 2917 Unused Serialized files (Serialized files now loaded: 0)
System memory in use before: 314.9 MB.
System memory in use after: 315.1 MB.

Unloading 25 unused Assets to reduce memory usage. Loaded Objects now: 3587.
Total: 3.230527 ms (FindLiveObjects: 0.550369 ms CreateObjectMapping: 0.270856 ms MarkObjects: 2.383088 ms  DeleteObjects: 0.023755 ms)

AssetImportParameters requested are different than current active one (requested -> active):
  custom:graphics/normal-map-encoding: 01000000000000000000000000000000 -> 02000000000000000000000000000000
========================================================================
Received Prepare
Registering precompiled user dll's ...
Registered in 0.004083 seconds.
Begin MonoManager ReloadAssembly
Native extension for OSXStandalone target not found
Refreshing native plugins compatible for Editor in 2.34 ms, found 2 plugins.
Preloading 0 native plugins for Editor in 0.00 ms.
Invoked RoslynAnalysisRunner static constructor.
RoslynAnalysisRunner will not be running.
RoslynAnalysisRunner has terminated.
Mono: successfully reloaded assembly
- Completed reload, in  1.265 seconds
Platform modules already initialized, skipping
Switching build target platform(2) subTarget(0) extendedPlatform(0) -> platform(13) subTarget(537395200) extendedPlatform(0)
Refreshing native plugins compatible for Editor in 2.43 ms, found 2 plugins.
Preloading 0 native plugins for Editor in 0.00 ms.
Unloading 2917 Unused Serialized files (Serialized files now loaded: 0)
System memory in use before: 315.1 MB.
System memory in use after: 315.3 MB.

Unloading 25 unused Assets to reduce memory usage. Loaded Objects now: 3590.
Total: 1.926290 ms (FindLiveObjects: 0.278564 ms CreateObjectMapping: 0.130365 ms MarkObjects: 1.501226 ms  DeleteObjects: 0.015371 ms)

AssetImportParameters requested are different than current active one (requested -> active):
  custom:graphics/normal-map-encoding: 01000000000000000000000000000000 -> 02000000000000000000000000000000
========================================================================
Received Prepare
Registering precompiled user dll's ...
Registered in 0.003971 seconds.
Begin MonoManager ReloadAssembly
Native extension for OSXStandalone target not found
Refreshing native plugins compatible for Editor in 2.11 ms, found 2 plugins.
Preloading 0 native plugins for Editor in 0.00 ms.
Invoked RoslynAnalysisRunner static constructor.
RoslynAnalysisRunner will not be running.
RoslynAnalysisRunner has terminated.
Mono: successfully reloaded assembly
- Completed reload, in  1.103 seconds
Platform modules already initialized, skipping
Switching build target platform(2) subTarget(0) extendedPlatform(0) -> platform(13) subTarget(537395200) extendedPlatform(0)
Refreshing native plugins compatible for Editor in 2.13 ms, found 2 plugins.
Preloading 0 native plugins for Editor in 0.00 ms.
Unloading 2917 Unused Serialized files (Serialized files now loaded: 0)
System memory in use before: 315.3 MB.
System memory in use after: 315.6 MB.

Unloading 25 unused Assets to reduce memory usage. Loaded Objects now: 3593.
Total: 1.972778 ms (FindLiveObjects: 0.344176 ms CreateObjectMapping: 0.139777 ms MarkObjects: 1.472223 ms  DeleteObjects: 0.015887 ms)

AssetImportParameters requested are different than current active one (requested -> active):
  custom:graphics/normal-map-encoding: 01000000000000000000000000000000 -> 02000000000000000000000000000000
========================================================================
Received Prepare
Registering precompiled user dll's ...
Registered in 0.011635 seconds.
Begin MonoManager ReloadAssembly
Native extension for OSXStandalone target not found
Refreshing native plugins compatible for Editor in 2.18 ms, found 2 plugins.
Preloading 0 native plugins for Editor in 0.00 ms.
Invoked RoslynAnalysisRunner static constructor.
RoslynAnalysisRunner will not be running.
RoslynAnalysisRunner has terminated.
Mono: successfully reloaded assembly
- Completed reload, in  1.093 seconds
Platform modules already initialized, skipping
Switching build target platform(2) subTarget(0) extendedPlatform(0) -> platform(13) subTarget(537395200) extendedPlatform(0)
Refreshing native plugins compatible for Editor in 2.22 ms, found 2 plugins.
Preloading 0 native plugins for Editor in 0.00 ms.
Unloading 2917 Unused Serialized files (Serialized files now loaded: 0)
System memory in use before: 315.5 MB.
System memory in use after: 315.8 MB.

Unloading 25 unused Assets to reduce memory usage. Loaded Objects now: 3596.
Total: 3.446879 ms (FindLiveObjects: 0.610643 ms CreateObjectMapping: 0.317650 ms MarkObjects: 2.489690 ms  DeleteObjects: 0.026374 ms)

AssetImportParameters requested are different than current active one (requested -> active):
  custom:graphics/normal-map-encoding: 01000000000000000000000000000000 -> 02000000000000000000000000000000
AssetImportWorkerClient::OnTransportError - code=2 error=End of file
